<?xml version="1.0" encoding="UTF-8"?>
<testsuite name="com.auto_mvn.runner.mvnRunner" time="21.242" tests="7" errors="0" skipped="6" failures="1">
  <properties>
[...]
</properties>
  <testcase name="Login to Bookingcom works or not" classname="Sanity test of Booking.com" time="21.242">
    <failure message="First Name not found!" type="java.lang.AssertionError">java.lang.AssertionError: First Name not found!
	at org.junit.Assert.fail(Assert.java:88)
	at org.junit.Assert.assertTrue(Assert.java:41)
	at stepDefinition.browserTests.i_am_able_to_access_my_homepage(browserTests.java:49)
	at ✽.I am able to access my Homepage(file:features/browser.feature:27)
</failure>
    <system-out><![CDATA[In Given
In When
In Then
Susmita
]]></system-out>
    <system-err><![CDATA[Jul 28, 2019 11:03:26 PM org.openqa.selenium.remote.DesiredCapabilities chrome
INFO: Using `new ChromeOptions()` is preferred to `DesiredCapabilities.chrome()`
Starting ChromeDriver 2.41.578737 (49da6702b16031c40d63e5618de03a32ff6c197e) on port 33050
Only local connections are allowed.
Jul 28, 2019 11:03:30 PM org.openqa.selenium.remote.ProtocolHandshake createSession
INFO: Detected dialect: OSS
]]></system-err>
  </testcase>
  <testcase name="Title of your scenario outline" classname="Sanity test of Booking.com" time="0">
    <skipped/>
  </testcase>
  <testcase name="Title of your scenario outline" classname="Sanity test of Booking.com" time="0">
    <skipped/>
  </testcase>
  <testcase name="Title of your scenario outline" classname="Sanity test of Booking.com" time="0">
    <skipped/>
  </testcase>
  <testcase name="Title of your scenario outline" classname="Sanity test of Booking.com" time="0">
    <skipped/>
  </testcase>
  <testcase name="Title of your scenario outline" classname="Sanity test of Booking.com" time="0">
    <skipped/>
  </testcase>
  <testcase name="Title of your scenario outline" classname="Sanity test of Booking.com" time="0">
    <skipped/>
  </testcase>
</testsuite>